c:\users\user\source\repos\consoleapplication6\consoleapplication6\x64\debug\vc143.pdb
c:\users\user\source\repos\consoleapplication6\consoleapplication6\x64\debug\vc143.idb
c:\users\user\source\repos\consoleapplication6\consoleapplication6\x64\debug\consoleapplication6.obj
c:\users\user\source\repos\consoleapplication6\consoleapplication6\x64\debug\computerbase.obj
c:\users\user\source\repos\consoleapplication6\consoleapplication6\x64\debug\cpu.obj
c:\users\user\source\repos\consoleapplication6\consoleapplication6\x64\debug\console.obj
c:\users\user\source\repos\consoleapplication6\consoleapplication6\x64\debug\gpu.obj
c:\users\user\source\repos\consoleapplication6\consoleapplication6\x64\debug\ram.obj
c:\users\user\source\repos\consoleapplication6\consoleapplication6\x64\debug\ssd.obj
c:\users\user\source\repos\consoleapplication6\x64\debug\consoleapplication6.exe
c:\users\user\source\repos\consoleapplication6\consoleapplication6\x64\debug\consoleapplication6.ilk
c:\users\user\source\repos\consoleapplication6\x64\debug\consoleapplication6.pdb
c:\users\user\source\repos\consoleapplication6\consoleapplication6\x64\debug\consoleapplication6.res
c:\users\user\source\repos\consoleapplication6\consoleapplication6\x64\debug\console.obj.enc
c:\users\user\source\repos\consoleapplication6\consoleapplication6\x64\debug\consolea.ec68dd37.tlog\cl.command.1.tlog
c:\users\user\source\repos\consoleapplication6\consoleapplication6\x64\debug\consolea.ec68dd37.tlog\cl.read.1.tlog
c:\users\user\source\repos\consoleapplication6\consoleapplication6\x64\debug\consolea.ec68dd37.tlog\cl.write.1.tlog
c:\users\user\source\repos\consoleapplication6\consoleapplication6\x64\debug\consolea.ec68dd37.tlog\link.command.1.tlog
c:\users\user\source\repos\consoleapplication6\consoleapplication6\x64\debug\consolea.ec68dd37.tlog\link.read.1.tlog
c:\users\user\source\repos\consoleapplication6\consoleapplication6\x64\debug\consolea.ec68dd37.tlog\link.write.1.tlog
c:\users\user\source\repos\consoleapplication6\consoleapplication6\x64\debug\consolea.ec68dd37.tlog\rc.command.1.tlog
c:\users\user\source\repos\consoleapplication6\consoleapplication6\x64\debug\consolea.ec68dd37.tlog\rc.read.1.tlog
c:\users\user\source\repos\consoleapplication6\consoleapplication6\x64\debug\consolea.ec68dd37.tlog\rc.write.1.tlog
